<?xml version="1.0" encoding="UTF-8"?>
<!-- Generated by org.testng.reporters.JUnitReportReporter -->
<testsuite hostname="androids-MacBook-Pro.local" name="Test.TestSearchFunctionality" tests="1" failures="0" timestamp="2 Sep 2022 07:45:33 GMT" time="13.298" errors="0">
  <testcase name="testSearchFunctionality" time="13.298" classname="Test.TestSearchFunctionality"/>
</testsuite> <!-- Test.TestSearchFunctionality -->
