<?xml version="1.0" encoding="UTF-8"?>
<!-- Generated by org.testng.reporters.JUnitReportReporter -->
<testsuite hostname="androids-MacBook-Pro.local" name="Test.TestCheckoutFunctionality" tests="1" failures="0" timestamp="2 Sep 2022 07:45:28 GMT" time="9.738" errors="0">
  <testcase name="testCheckoutFunctionality" time="9.738" classname="Test.TestCheckoutFunctionality"/>
</testsuite> <!-- Test.TestCheckoutFunctionality -->
