<?xml version="1.0" encoding="UTF-8"?>
<!-- Generated by org.testng.reporters.JUnitReportReporter -->
<testsuite hostname="androids-MacBook-Pro.local" failures="0" tests="1" name="Test.TestSearchFunctionality" time="12.666" errors="0" timestamp="1 Sep 2022 17:31:16 GMT">
  <testcase classname="Test.TestSearchFunctionality" name="testSearchFunctionality" time="12.666"/>
</testsuite> <!-- Test.TestSearchFunctionality -->
